
404 error at 19-12-2014 12:55:50: http://127.0.0.1:5000/does_not_exist
505 error at 19-12-2014 12:58:15: http://127.0.0.1:5000/users/
505 error at 19-12-2014 12:59:34: http://127.0.0.1:5000/users/
404 error at 20-12-2014 14:02:40: http://localhost/tasks/
404 error at 20-12-2014 14:02:41: http://localhost/tasks/
404 error at 20-12-2014 14:02:44: http://localhost/tasks/
404 error at 20-12-2014 14:02:44: http://localhost/tasks/
404 error at 20-12-2014 14:02:45: http://localhost/tasks/
404 error at 20-12-2014 14:02:48: http://localhost/this-route-does-not-exist/
404 error at 20-12-2014 14:04:11: http://localhost/api/tasks/
404 error at 20-12-2014 14:04:12: http://localhost/tasks/
404 error at 20-12-2014 14:04:13: http://localhost/tasks/
404 error at 20-12-2014 14:04:16: http://localhost/tasks/
404 error at 20-12-2014 14:04:16: http://localhost/tasks/
404 error at 20-12-2014 14:04:17: http://localhost/tasks/
404 error at 20-12-2014 14:04:20: http://localhost/this-route-does-not-exist/
404 error at 20-12-2014 15:47:17: http://localhost/this-route-does-not-exist/
404 error at 20-12-2014 15:50:35: http://localhost/tasks/
404 error at 20-12-2014 15:50:37: http://localhost/tasks/
404 error at 20-12-2014 15:50:39: http://localhost/tasks/
404 error at 20-12-2014 15:50:40: http://localhost/tasks/
404 error at 20-12-2014 15:50:41: http://localhost/tasks/
404 error at 20-12-2014 15:50:43: http://localhost/this-route-does-not-exist/
404 error at 20-12-2014 15:52:03: http://localhost/tasks/
404 error at 20-12-2014 15:52:04: http://localhost/tasks/
404 error at 20-12-2014 15:52:07: http://localhost/tasks/
404 error at 20-12-2014 15:52:08: http://localhost/tasks/
404 error at 20-12-2014 15:52:08: http://localhost/tasks/
404 error at 20-12-2014 15:52:11: http://localhost/this-route-does-not-exist/
404 error at 21-12-2014 13:24:27: http://localhost/api/tasks/2
505 error at 21-12-2014 14:44:22: http://127.0.0.1:5000/api/tasks/3
505 error at 21-12-2014 14:44:33: http://127.0.0.1:5000/api/tasks/3
404 error at 30-12-2014 13:19:36: http://localhost/tasks/
404 error at 30-12-2014 13:19:37: http://localhost/tasks/
404 error at 30-12-2014 13:19:40: http://localhost/tasks/
404 error at 30-12-2014 13:19:40: http://localhost/tasks/
404 error at 30-12-2014 13:19:41: http://localhost/tasks/
404 error at 30-12-2014 13:19:44: http://localhost/this-route-does-not-exist/
404 error at 30-12-2014 13:37:53: http://localhost/tasks/
404 error at 30-12-2014 13:37:54: http://localhost/tasks/
404 error at 30-12-2014 13:37:56: http://localhost/tasks/
404 error at 30-12-2014 13:37:57: http://localhost/tasks/
404 error at 30-12-2014 13:37:58: http://localhost/tasks/
404 error at 30-12-2014 13:37:59: http://localhost/this-route-does-not-exist/
404 error at 30-12-2014 13:38:30: http://localhost/tasks/
404 error at 30-12-2014 13:38:31: http://localhost/tasks/
404 error at 30-12-2014 13:38:34: http://localhost/tasks/
404 error at 30-12-2014 13:38:34: http://localhost/tasks/
404 error at 30-12-2014 13:38:35: http://localhost/tasks/
404 error at 30-12-2014 13:38:38: http://localhost/this-route-does-not-exist/